<?xml version="1.0" encoding="UTF-8"?>
<!-- Generated by org.testng.reporters.JUnitReportReporter -->
<testsuite skipped="0" hostname="DESKTOP-0VB4MT4" name="com.kh.IRA.CMS_QuestionBank.TC2_Navigation_QuestionBank" tests="1" failures="0" timestamp="2020-02-17T11:49:28 IST" time="1.576" errors="0">
  <testcase name="QuestionBank" time="1.576" classname="com.kh.IRA.CMS_QuestionBank.TC2_Navigation_QuestionBank"/>
</testsuite> <!-- com.kh.IRA.CMS_QuestionBank.TC2_Navigation_QuestionBank -->
