<?xml version="1.0" encoding="UTF-8"?>
<!-- Generated by org.testng.reporters.JUnitReportReporter -->
<testsuite skipped="1" hostname="DESKTOP-0VB4MT4" name="com.kh.IRA.CMS_QuestionBank.TC1_CMS_Login" tests="2" failures="0" timestamp="2020-01-30T18:10:56 IST" time="307.921" errors="0">
  <testcase name="caLogin" time="7.869" classname="com.kh.IRA.CMS_QuestionBank.TC1_CMS_Login"/>
  <testcase name="caLogin" time="300.052" classname="com.kh.IRA.CMS_QuestionBank.TC1_CMS_Login">
    <skipped/>
  </testcase> <!-- caLogin -->
</testsuite> <!-- com.kh.IRA.CMS_QuestionBank.TC1_CMS_Login -->
