<?xml version="1.0" encoding="UTF-8"?>
<!-- Generated by org.testng.reporters.JUnitReportReporter -->
<testsuite skipped="4" hostname="DESKTOP-0VB4MT4" name="com.IRA.Assessments.TC2_Assessment" tests="5" failures="0" timestamp="2020-10-05T21:30:56 IST" time="238.360" errors="0">
  <testcase name="createFree" time="238.360" classname="com.IRA.Assessments.TC2_Assessment"/>
  <system-out/>
  <testcase name="createGroup" classname="com.IRA.Assessments.TC2_Assessment">
    <skipped/>
  </testcase> <!-- createGroup -->
  <system-out/>
  <testcase name="createRecall" classname="com.IRA.Assessments.TC2_Assessment">
    <skipped/>
  </testcase> <!-- createRecall -->
  <system-out/>
  <testcase name="createMock" classname="com.IRA.Assessments.TC2_Assessment">
    <skipped/>
  </testcase> <!-- createMock -->
  <system-out/>
  <testcase name="createRegular" classname="com.IRA.Assessments.TC2_Assessment">
    <skipped/>
  </testcase> <!-- createRegular -->
  <system-out/>
</testsuite> <!-- com.IRA.Assessments.TC2_Assessment -->
