<?xml version="1.0" encoding="UTF-8"?>
<!-- Generated by org.testng.reporters.JUnitReportReporter -->
<testsuite skipped="0" hostname="KH-HYD-35" name="com.IRA.Assessments.TC1_Login_Ops" tests="2" failures="0" timestamp="2021-06-07T16:05:11 IST" time="5.893" errors="0">
  <testcase name="opsLogin" time="4.498" classname="com.IRA.Assessments.TC1_Login_Ops"/>
  <system-out/>
  <testcase name="navigateToAssessmentlist" time="1.395" classname="com.IRA.Assessments.TC1_Login_Ops"/>
  <system-out/>
</testsuite> <!-- com.IRA.Assessments.TC1_Login_Ops -->
