<?xml version="1.0" encoding="UTF-8"?>
<!-- Generated by org.testng.reporters.JUnitReportReporter -->
<testsuite skipped="0" hostname="DESKTOP-0VB4MT4" name="com.kh.IRA.SkillMap.SkillMapTest" tests="1" failures="0" timestamp="2020-02-17T17:12:46 IST" time="6.952" errors="0">
  <testcase name="skillTest" time="6.952" classname="com.kh.IRA.SkillMap.SkillMapTest"/>
</testsuite> <!-- com.kh.IRA.SkillMap.SkillMapTest -->
