<?xml version="1.0" encoding="UTF-8"?>
<!-- Generated by org.testng.reporters.JUnitReportReporter -->
<testsuite skipped="0" hostname="DESKTOP-0VB4MT4" name="com.kh.IRA.SkillMap.Navigate" tests="1" failures="0" timestamp="2020-02-27T19:45:28 IST" time="1.162" errors="0">
  <testcase name="navigate" time="1.162" classname="com.kh.IRA.SkillMap.Navigate"/>
</testsuite> <!-- com.kh.IRA.SkillMap.Navigate -->
