<?xml version="1.0" encoding="UTF-8"?>
<!-- Generated by org.testng.reporters.JUnitReportReporter -->
<testsuite skipped="0" hostname="DESKTOP-0VB4MT4" name="com.kh.IRA.SkillMap.Login" tests="1" failures="0" timestamp="2020-02-17T17:12:46 IST" time="3.393" errors="0">
  <testcase name="caLogin" time="3.393" classname="com.kh.IRA.SkillMap.Login"/>
</testsuite> <!-- com.kh.IRA.SkillMap.Login -->
