<?xml version="1.0" encoding="UTF-8"?>
<!-- Generated by org.testng.reporters.JUnitReportReporter -->
<testsuite skipped="0" hostname="DESKTOP-0VB4MT4" name="com.kh.IRA.ContentAuthor.TC2_Navigation_QuestionBank" tests="1" failures="0" timestamp="2020-01-23T17:04:54 IST" time="1.117" errors="0">
  <testcase name="QuestionBank" time="1.117" classname="com.kh.IRA.ContentAuthor.TC2_Navigation_QuestionBank"/>
</testsuite> <!-- com.kh.IRA.ContentAuthor.TC2_Navigation_QuestionBank -->
