<?xml version="1.0" encoding="UTF-8"?>
<!-- Generated by org.testng.reporters.JUnitReportReporter -->
<testsuite skipped="0" hostname="DESKTOP-0VB4MT4" name="com.kh.IRA.Tests.TC2_DashboardLinks" tests="1" failures="0" timestamp="2019-12-30T12:06:53 IST" time="3.355" errors="0">
  <testcase name="dashboardVerify" time="3.355" classname="com.kh.IRA.Tests.TC2_DashboardLinks"/>
</testsuite> <!-- com.kh.IRA.Tests.TC2_DashboardLinks -->
