<?xml version="1.0" encoding="UTF-8"?>
<!-- Generated by org.testng.reporters.JUnitReportReporter -->
<testsuite skipped="0" hostname="KH-HYD-35" name="com.IRA.Assessments.TC2_Assessment" tests="5" failures="0" timestamp="2021-06-07T16:05:11 IST" time="194.374" errors="0">
  <testcase name="createMock" time="38.628" classname="com.IRA.Assessments.TC2_Assessment"/>
  <system-out/>
  <testcase name="createGroup" time="41.371" classname="com.IRA.Assessments.TC2_Assessment"/>
  <system-out/>
  <testcase name="createRegular" time="16.410" classname="com.IRA.Assessments.TC2_Assessment"/>
  <system-out/>
  <testcase name="createRecall" time="47.261" classname="com.IRA.Assessments.TC2_Assessment"/>
  <system-out/>
  <testcase name="createFree" time="50.704" classname="com.IRA.Assessments.TC2_Assessment"/>
  <system-out/>
</testsuite> <!-- com.IRA.Assessments.TC2_Assessment -->
