<?xml version="1.0" encoding="UTF-8"?>
<!-- Generated by org.testng.reporters.JUnitReportReporter -->
<testsuite skipped="4" hostname="KH-HYD-35" name="com.IRA.Assessments.TC2_Assessment" tests="5" failures="0" timestamp="2021-02-18T22:01:38 IST" time="21.149" errors="0">
  <testcase name="createRegular" time="21.149" classname="com.IRA.Assessments.TC2_Assessment"/>
  <system-out/>
  <testcase name="createGroup" classname="com.IRA.Assessments.TC2_Assessment">
    <skipped/>
  </testcase> <!-- createGroup -->
  <system-out/>
  <testcase name="createRecall" classname="com.IRA.Assessments.TC2_Assessment">
    <skipped/>
  </testcase> <!-- createRecall -->
  <system-out/>
  <testcase name="createFree" classname="com.IRA.Assessments.TC2_Assessment">
    <skipped/>
  </testcase> <!-- createFree -->
  <system-out/>
  <testcase name="createMock" classname="com.IRA.Assessments.TC2_Assessment">
    <skipped/>
  </testcase> <!-- createMock -->
  <system-out/>
</testsuite> <!-- com.IRA.Assessments.TC2_Assessment -->
