<?xml version="1.0" encoding="UTF-8"?>
<!-- Generated by org.testng.reporters.JUnitReportReporter -->
<testsuite skipped="0" hostname="KH-HYD-35" name="com.IRA.Assessments.TC1_Login_Ops" tests="2" failures="0" timestamp="2021-06-01T22:16:45 IST" time="6.937" errors="0">
  <testcase name="opsLogin" time="5.320" classname="com.IRA.Assessments.TC1_Login_Ops"/>
  <system-out/>
  <testcase name="navigateToAssessmentlist" time="1.617" classname="com.IRA.Assessments.TC1_Login_Ops"/>
  <system-out/>
</testsuite> <!-- com.IRA.Assessments.TC1_Login_Ops -->
