<?xml version="1.0" encoding="UTF-8"?>
<!-- Generated by org.testng.reporters.JUnitReportReporter -->
<testsuite skipped="0" hostname="KH-HYD-35" name="com.kh.IRA.learner.TC2_DashboardLinks" tests="1" failures="0" timestamp="2021-06-01T22:05:00 IST" time="1.914" errors="0">
  <testcase name="dashboardVerify" time="1.914" classname="com.kh.IRA.learner.TC2_DashboardLinks"/>
  <system-out/>
</testsuite> <!-- com.kh.IRA.learner.TC2_DashboardLinks -->
