<?xml version="1.0" encoding="UTF-8"?>
<!-- Generated by org.testng.reporters.JUnitReportReporter -->
<testsuite skipped="0" hostname="KH-HYD-35" name="com.IRA.Assessments.TC1_Login_Ops" tests="2" failures="0" timestamp="2020-12-22T13:22:14 IST" time="13.590" errors="0">
  <testcase name="opsLogin" time="13.490" classname="com.IRA.Assessments.TC1_Login_Ops"/>
  <system-out/>
  <testcase name="navigateToAssessmentlist" time="0.100" classname="com.IRA.Assessments.TC1_Login_Ops"/>
  <system-out/>
</testsuite> <!-- com.IRA.Assessments.TC1_Login_Ops -->
