<?xml version="1.0" encoding="UTF-8"?>
<!-- Generated by org.testng.reporters.JUnitReportReporter -->
<testsuite skipped="0" hostname="KH-HYD-35" name="com.IRA.Assessments.TC2_Assessment" tests="5" failures="0" timestamp="2021-06-01T22:16:45 IST" time="206.714" errors="0">
  <testcase name="createMock" time="40.532" classname="com.IRA.Assessments.TC2_Assessment"/>
  <system-out/>
  <testcase name="createGroup" time="43.259" classname="com.IRA.Assessments.TC2_Assessment"/>
  <system-out/>
  <testcase name="createRegular" time="17.941" classname="com.IRA.Assessments.TC2_Assessment"/>
  <system-out/>
  <testcase name="createRecall" time="50.778" classname="com.IRA.Assessments.TC2_Assessment"/>
  <system-out/>
  <testcase name="createFree" time="54.204" classname="com.IRA.Assessments.TC2_Assessment"/>
  <system-out/>
</testsuite> <!-- com.IRA.Assessments.TC2_Assessment -->
