<?xml version="1.0" encoding="UTF-8"?>
<!-- Generated by org.testng.reporters.JUnitReportReporter -->
<testsuite skipped="0" hostname="DESKTOP-0VB4MT4" name="com.IRA.Assessments.TC1_Login_Ops" tests="2" failures="0" timestamp="2020-03-14T16:13:15 IST" time="11.206" errors="0">
  <testcase name="opsLogin" time="9.915" classname="com.IRA.Assessments.TC1_Login_Ops"/>
  <testcase name="navigateToAssessmentlist" time="1.291" classname="com.IRA.Assessments.TC1_Login_Ops"/>
</testsuite> <!-- com.IRA.Assessments.TC1_Login_Ops -->
