<?xml version="1.0" encoding="UTF-8"?>
<!-- Generated by org.testng.reporters.JUnitReportReporter -->
<testsuite skipped="0" hostname="DESKTOP-0VB4MT4" name="com.IRA.Assessments.TC2_CreateMock" tests="1" failures="0" timestamp="2020-03-11T18:15:51 IST" time="4.764" errors="0">
  <testcase name="createMock" time="4.764" classname="com.IRA.Assessments.TC2_CreateMock"/>
</testsuite> <!-- com.IRA.Assessments.TC2_CreateMock -->
