<?xml version="1.0" encoding="UTF-8"?>
<!-- Generated by org.testng.reporters.JUnitReportReporter -->
<testsuite skipped="0" hostname="DESKTOP-0VB4MT4" name="com.IRA.Assessments.TC1_Login_Ops" tests="2" failures="0" timestamp="2020-03-11T18:15:51 IST" time="6.336" errors="0">
  <testcase name="opsLogin" time="5.222" classname="com.IRA.Assessments.TC1_Login_Ops"/>
  <testcase name="navigateToAssessmentlist" time="1.114" classname="com.IRA.Assessments.TC1_Login_Ops"/>
</testsuite> <!-- com.IRA.Assessments.TC1_Login_Ops -->
