<?xml version="1.0" encoding="UTF-8"?>
<!-- Generated by org.testng.reporters.JUnitReportReporter -->
<testsuite skipped="0" hostname="DESKTOP-0VB4MT4" name="com.kh.IRA.learner.TC2_DashboardLinks" tests="1" failures="0" timestamp="2020-03-06T11:33:18 IST" time="19.533" errors="0">
  <testcase name="dashboardVerify" time="19.533" classname="com.kh.IRA.learner.TC2_DashboardLinks"/>
</testsuite> <!-- com.kh.IRA.learner.TC2_DashboardLinks -->
