<?xml version="1.0" encoding="UTF-8"?>
<!-- Generated by org.testng.reporters.JUnitReportReporter -->
<testsuite skipped="0" hostname="KH-HYD-35" name="com.kh.IRA.skillmap.Login" tests="1" failures="0" timestamp="2021-06-01T21:03:36 IST" time="3.877" errors="0">
  <testcase name="contentOpsLogin" time="3.877" classname="com.kh.IRA.skillmap.Login"/>
  <system-out/>
</testsuite> <!-- com.kh.IRA.skillmap.Login -->
