<?xml version="1.0" encoding="UTF-8"?>
<!-- Generated by org.testng.reporters.JUnitReportReporter -->
<testsuite skipped="0" hostname="KH-HYD-35" name="com.IRA.Assessments.TC1_Login_Ops" tests="2" failures="0" timestamp="2021-02-18T22:01:38 IST" time="12.172" errors="0">
  <testcase name="opsLogin" time="4.092" classname="com.IRA.Assessments.TC1_Login_Ops"/>
  <system-out/>
  <testcase name="navigateToAssessmentlist" time="8.080" classname="com.IRA.Assessments.TC1_Login_Ops"/>
  <system-out/>
</testsuite> <!-- com.IRA.Assessments.TC1_Login_Ops -->
