<?xml version="1.0" encoding="UTF-8"?>
<!-- Generated by org.testng.reporters.JUnitReportReporter -->
<testsuite skipped="0" hostname="DESKTOP-0VB4MT4" name="com.IRA.Assessments.TC1_Login_Ops" tests="2" failures="0" timestamp="2020-10-05T21:30:56 IST" time="4.130" errors="0">
  <testcase name="opsLogin" time="4.017" classname="com.IRA.Assessments.TC1_Login_Ops"/>
  <system-out/>
  <testcase name="navigateToAssessmentlist" time="0.113" classname="com.IRA.Assessments.TC1_Login_Ops"/>
  <system-out/>
</testsuite> <!-- com.IRA.Assessments.TC1_Login_Ops -->
